<?xml version="1.0" encoding="UTF-8"?>
<!-- Generated by org.testng.reporters.JUnitXMLReporter -->
<testsuite hostname="ESICDRLAPTOP020" ignored="0" name="Default test" tests="6" failures="0" timestamp="28 Dec 2020 10:35:58 GMT" time="31.073" errors="0">
  <testcase name="doLoginTest" time="0.636" classname="com.qa.tests.PatientCheckInTest"/>
  <testcase name="doNavigateToSelectHospitalLocationTest" time="2.5" classname="com.qa.tests.PatientCheckInTest"/>
  <testcase name="doNavigateToHISHomeTest" time="2.987" classname="com.qa.tests.PatientCheckInTest"/>
  <testcase name="doNavigateToPatientCheckInTest" time="4.486" classname="com.qa.tests.PatientCheckInTest"/>
  <testcase name="verifyPatientCheckInPageTitleTest" time="0.035" classname="com.qa.tests.PatientCheckInTest"/>
  <testcase name="doPatientCheckINTest" time="9.083" classname="com.qa.tests.PatientCheckInTest"/>
</testsuite> <!-- Default test -->
