<?xml version="1.0" encoding="UTF-8"?>
<!-- Generated by org.testng.reporters.JUnitXMLReporter -->
<testsuite hostname="ESICDRLAPTOP020" ignored="0" name="Test1" tests="6" failures="0" timestamp="15 Feb 2021 06:22:52 GMT" time="83.762" errors="0">
  <testcase name="doLoginTest" time="0.96" classname="com.qa.tests.OTandResourceSchedulingPageTest"/>
  <testcase name="doNavigateToSelectHospitalLocationTest" time="15.443" classname="com.qa.tests.OTandResourceSchedulingPageTest"/>
  <testcase name="doNavigateToHISHomeTest" time="26.307" classname="com.qa.tests.OTandResourceSchedulingPageTest"/>
  <testcase name="doNavigateToOTandResourceSchedulingTest" time="13.073" classname="com.qa.tests.OTandResourceSchedulingPageTest"/>
  <testcase name="verifyOTSurgeryPageTitleTest" time="0.022" classname="com.qa.tests.OTandResourceSchedulingPageTest"/>
  <testcase name="doOTandResourceSchedulingnTest" time="13.263" classname="com.qa.tests.OTandResourceSchedulingPageTest"/>
</testsuite> <!-- Test1 -->
