<?xml version="1.0" encoding="UTF-8"?>
<!-- Generated by org.testng.reporters.JUnitXMLReporter -->
<testsuite hostname="ESICDRLAPTOP020" ignored="0" name="Test1" tests="5" failures="0" timestamp="16 Feb 2021 06:32:47 GMT" time="55.837" errors="0">
  <testcase name="doLoginTest" time="4.229" classname="com.qa.tests.InpatientIssuePageTest"/>
  <testcase name="doNavigateToSelectHospitalLocationTest" time="22.633" classname="com.qa.tests.InpatientIssuePageTest"/>
  <testcase name="doNavigateToHISHomeTest" time="1.642" classname="com.qa.tests.InpatientIssuePageTest"/>
  <testcase name="doNavigateToInpatientIssueTest" time="4.683" classname="com.qa.tests.InpatientIssuePageTest"/>
  <testcase name="doInpatientIssueTest" time="18.206" classname="com.qa.tests.InpatientIssuePageTest"/>
</testsuite> <!-- Test1 -->
