<?xml version="1.0" encoding="UTF-8"?>
<!-- Generated by org.testng.reporters.JUnitXMLReporter -->
<testsuite hostname="ESICDRLAPTOP020" ignored="0" name="Test" tests="5" failures="0" timestamp="18 Jan 2021 13:01:58 GMT" time="26.172" errors="0">
  <testcase name="doLoginTest" time="0.8" classname="com.qa.tests.UHIDPageTest"/>
  <testcase name="doNavigateToSelectHospitalLocationTest" time="1.846" classname="com.qa.tests.UHIDPageTest"/>
  <testcase name="doNavigateToHISHomeTest" time="4.273" classname="com.qa.tests.UHIDPageTest"/>
  <testcase name="doNavigateToUHIDcreationLinkTest" time="3.198" classname="com.qa.tests.UHIDPageTest"/>
  <testcase name="doUHIDCreationPageTest" time="6.187" classname="com.qa.tests.UHIDPageTest"/>
</testsuite> <!-- Test -->
