<?xml version="1.0" encoding="UTF-8"?>
<!-- Generated by org.testng.reporters.JUnitXMLReporter -->
<testsuite hostname="ESICDRLAPTOP020" ignored="0" name="Test" tests="5" failures="4" timestamp="24 Jan 2021 07:23:18 GMT" time="80.061" errors="0">
  <testcase name="doLoginTest" time="0.892" classname="com.qa.tests.UHIDPageTest"/>
  <testcase name="doNavigateToSelectHospitalLocationTest" time="60.776" classname="com.qa.tests.UHIDPageTest">
    <failure type="java.lang.NullPointerException">
      <![CDATA[java.lang.NullPointerException
at com.qa.pages.HomePage.doNavigateToSelectHospitalLocation(HomePage.java:46)
at com.qa.tests.UHIDPageTest.doNavigateToSelectHospitalLocationTest(UHIDPageTest.java:35)
... Removed 29 stack frames]]>
    </failure>
  </testcase> <!-- doNavigateToSelectHospitalLocationTest -->
  <testcase name="doNavigateToHISHomeTest" time="0.002" classname="com.qa.tests.UHIDPageTest">
    <failure type="java.lang.NullPointerException">
      <![CDATA[java.lang.NullPointerException
at com.qa.tests.UHIDPageTest.doNavigateToHISHomeTest(UHIDPageTest.java:41)
... Removed 29 stack frames]]>
    </failure>
  </testcase> <!-- doNavigateToHISHomeTest -->
  <testcase name="doNavigateToUHIDcreationLinkTest" time="0.001" classname="com.qa.tests.UHIDPageTest">
    <failure type="java.lang.NullPointerException">
      <![CDATA[java.lang.NullPointerException
at com.qa.tests.UHIDPageTest.doNavigateToUHIDcreationLinkTest(UHIDPageTest.java:48)
... Removed 29 stack frames]]>
    </failure>
  </testcase> <!-- doNavigateToUHIDcreationLinkTest -->
  <testcase name="doUHIDCreationPageTest" time="0.001" classname="com.qa.tests.UHIDPageTest">
    <failure type="java.lang.NullPointerException">
      <![CDATA[java.lang.NullPointerException
at com.qa.tests.UHIDPageTest.doUHIDCreationPageTest(UHIDPageTest.java:55)
... Removed 29 stack frames]]>
    </failure>
  </testcase> <!-- doUHIDCreationPageTest -->
</testsuite> <!-- Test -->
