<?xml version="1.0" encoding="UTF-8"?>
<testsuite xmlns:xsi="http://www.w3.org/2001/XMLSchema-instance" xsi:noNamespaceSchemaLocation="https://maven.apache.org/surefire/maven-surefire-plugin/xsd/surefire-test-report.xsd" name="TestSuite" time="84.298" tests="5" errors="0" skipped="0" failures="4">
  <properties>
[...]
</properties>
  <testcase name="doLoginTest" classname="com.qa.tests.UHIDPageTest" time="0.892"/>
  <testcase name="doNavigateToSelectHospitalLocationTest" classname="com.qa.tests.UHIDPageTest" time="60.82">
    <failure type="java.lang.NullPointerException">java.lang.NullPointerException
	at com.qa.tests.UHIDPageTest.doNavigateToSelectHospitalLocationTest(UHIDPageTest.java:35)
</failure>
    <system-out><![CDATA[Not Able to Find ElementBy.linkText: Applications
Not Able to Move
Not Able to Find ElementBy.linkText: Health Information System
]]></system-out>
  </testcase>
  <testcase name="doNavigateToHISHomeTest" classname="com.qa.tests.UHIDPageTest" time="0.002">
    <failure type="java.lang.NullPointerException">java.lang.NullPointerException
	at com.qa.tests.UHIDPageTest.doNavigateToHISHomeTest(UHIDPageTest.java:41)
</failure>
  </testcase>
  <testcase name="doNavigateToUHIDcreationLinkTest" classname="com.qa.tests.UHIDPageTest" time="0.003">
    <failure type="java.lang.NullPointerException">java.lang.NullPointerException
	at com.qa.tests.UHIDPageTest.doNavigateToUHIDcreationLinkTest(UHIDPageTest.java:48)
</failure>
  </testcase>
  <testcase name="doUHIDCreationPageTest" classname="com.qa.tests.UHIDPageTest" time="0.002">
    <failure type="java.lang.NullPointerException">java.lang.NullPointerException
	at com.qa.tests.UHIDPageTest.doUHIDCreationPageTest(UHIDPageTest.java:55)
</failure>
  </testcase>
</testsuite>