<?xml version="1.0" encoding="UTF-8"?>
<testng-results skipped="0" failed="0" ignored="0" total="5" passed="5">
  <reporter-output>
  </reporter-output>
  <suite name="Suite" duration-ms="55837" started-at="2021-02-16T06:31:52Z" finished-at="2021-02-16T06:32:47Z">
    <groups>
    </groups>
    <test name="Test1" duration-ms="55837" started-at="2021-02-16T06:31:52Z" finished-at="2021-02-16T06:32:47Z">
      <class name="com.qa.tests.InpatientIssuePageTest">
        <test-method status="PASS" signature="setuptest()[pri:0, instance:com.qa.tests.InpatientIssuePageTest@475e586c]" name="setuptest" is-config="true" duration-ms="4403" started-at="2021-02-16T06:31:52Z" finished-at="2021-02-16T06:31:56Z">
          <reporter-output>
          </reporter-output>
        </test-method> <!-- setuptest -->
        <test-method status="PASS" signature="doLoginTest()[pri:0, instance:com.qa.tests.InpatientIssuePageTest@475e586c]" name="doLoginTest" duration-ms="4229" started-at="2021-02-16T06:31:56Z" finished-at="2021-02-16T06:32:00Z">
          <reporter-output>
          </reporter-output>
        </test-method> <!-- doLoginTest -->
        <test-method status="PASS" signature="doNavigateToSelectHospitalLocationTest()[pri:1, instance:com.qa.tests.InpatientIssuePageTest@475e586c]" name="doNavigateToSelectHospitalLocationTest" duration-ms="22633" started-at="2021-02-16T06:32:00Z" finished-at="2021-02-16T06:32:23Z">
          <reporter-output>
          </reporter-output>
        </test-method> <!-- doNavigateToSelectHospitalLocationTest -->
        <test-method status="PASS" signature="doNavigateToHISHomeTest()[pri:2, instance:com.qa.tests.InpatientIssuePageTest@475e586c]" name="doNavigateToHISHomeTest" duration-ms="1642" started-at="2021-02-16T06:32:23Z" finished-at="2021-02-16T06:32:25Z">
          <reporter-output>
          </reporter-output>
        </test-method> <!-- doNavigateToHISHomeTest -->
        <test-method status="PASS" signature="doNavigateToInpatientIssueTest()[pri:3, instance:com.qa.tests.InpatientIssuePageTest@475e586c]" name="doNavigateToInpatientIssueTest" duration-ms="4683" started-at="2021-02-16T06:32:25Z" finished-at="2021-02-16T06:32:29Z">
          <reporter-output>
          </reporter-output>
        </test-method> <!-- doNavigateToInpatientIssueTest -->
        <test-method status="PASS" signature="doInpatientIssueTest()[pri:4, instance:com.qa.tests.InpatientIssuePageTest@475e586c]" name="doInpatientIssueTest" duration-ms="18206" started-at="2021-02-16T06:32:29Z" finished-at="2021-02-16T06:32:47Z">
          <reporter-output>
          </reporter-output>
        </test-method> <!-- doInpatientIssueTest -->
        <test-method status="PASS" signature="teardown()[pri:0, instance:com.qa.tests.InpatientIssuePageTest@475e586c]" name="teardown" is-config="true" duration-ms="0" started-at="2021-02-16T06:32:47Z" finished-at="2021-02-16T06:32:47Z">
          <reporter-output>
          </reporter-output>
        </test-method> <!-- teardown -->
      </class> <!-- com.qa.tests.InpatientIssuePageTest -->
    </test> <!-- Test1 -->
  </suite> <!-- Suite -->
</testng-results>
