<?xml version="1.0" encoding="UTF-8"?>
<testng-results skipped="0" failed="0" ignored="0" total="6" passed="6">
  <reporter-output>
  </reporter-output>
  <suite name="Suite" duration-ms="83762" started-at="2021-02-15T06:21:28Z" finished-at="2021-02-15T06:22:52Z">
    <groups>
    </groups>
    <test name="Test1" duration-ms="83762" started-at="2021-02-15T06:21:28Z" finished-at="2021-02-15T06:22:52Z">
      <class name="com.qa.tests.OTandResourceSchedulingPageTest">
        <test-method status="PASS" signature="setuptest()[pri:0, instance:com.qa.tests.OTandResourceSchedulingPageTest@475e586c]" name="setuptest" is-config="true" duration-ms="14607" started-at="2021-02-15T06:21:28Z" finished-at="2021-02-15T06:21:42Z">
          <reporter-output>
          </reporter-output>
        </test-method> <!-- setuptest -->
        <test-method status="PASS" signature="doLoginTest()[pri:0, instance:com.qa.tests.OTandResourceSchedulingPageTest@475e586c]" name="doLoginTest" duration-ms="960" started-at="2021-02-15T06:21:42Z" finished-at="2021-02-15T06:21:43Z">
          <reporter-output>
          </reporter-output>
        </test-method> <!-- doLoginTest -->
        <test-method status="PASS" signature="doNavigateToSelectHospitalLocationTest()[pri:1, instance:com.qa.tests.OTandResourceSchedulingPageTest@475e586c]" name="doNavigateToSelectHospitalLocationTest" duration-ms="15443" started-at="2021-02-15T06:21:43Z" finished-at="2021-02-15T06:21:59Z">
          <reporter-output>
          </reporter-output>
        </test-method> <!-- doNavigateToSelectHospitalLocationTest -->
        <test-method status="PASS" signature="doNavigateToHISHomeTest()[pri:2, instance:com.qa.tests.OTandResourceSchedulingPageTest@475e586c]" name="doNavigateToHISHomeTest" duration-ms="26307" started-at="2021-02-15T06:21:59Z" finished-at="2021-02-15T06:22:25Z">
          <reporter-output>
          </reporter-output>
        </test-method> <!-- doNavigateToHISHomeTest -->
        <test-method status="PASS" signature="doNavigateToOTandResourceSchedulingTest()[pri:3, instance:com.qa.tests.OTandResourceSchedulingPageTest@475e586c]" name="doNavigateToOTandResourceSchedulingTest" duration-ms="13073" started-at="2021-02-15T06:22:25Z" finished-at="2021-02-15T06:22:38Z">
          <reporter-output>
          </reporter-output>
        </test-method> <!-- doNavigateToOTandResourceSchedulingTest -->
        <test-method status="PASS" signature="verifyOTSurgeryPageTitleTest()[pri:4, instance:com.qa.tests.OTandResourceSchedulingPageTest@475e586c]" name="verifyOTSurgeryPageTitleTest" duration-ms="22" started-at="2021-02-15T06:22:38Z" finished-at="2021-02-15T06:22:38Z">
          <reporter-output>
          </reporter-output>
        </test-method> <!-- verifyOTSurgeryPageTitleTest -->
        <test-method status="PASS" signature="doOTandResourceSchedulingnTest()[pri:5, instance:com.qa.tests.OTandResourceSchedulingPageTest@475e586c]" name="doOTandResourceSchedulingnTest" duration-ms="13263" started-at="2021-02-15T06:22:38Z" finished-at="2021-02-15T06:22:52Z">
          <reporter-output>
          </reporter-output>
        </test-method> <!-- doOTandResourceSchedulingnTest -->
        <test-method status="PASS" signature="teardown()[pri:0, instance:com.qa.tests.OTandResourceSchedulingPageTest@475e586c]" name="teardown" is-config="true" duration-ms="0" started-at="2021-02-15T06:22:52Z" finished-at="2021-02-15T06:22:52Z">
          <reporter-output>
          </reporter-output>
        </test-method> <!-- teardown -->
      </class> <!-- com.qa.tests.OTandResourceSchedulingPageTest -->
    </test> <!-- Test1 -->
  </suite> <!-- Suite -->
</testng-results>
